0 info it worked if it ends with ok
1 verbose cli [ 'C:\\Program Files\\nodejs\\node.exe',
1 verbose cli   'C:\\Program Files\\nodejs\\node_modules\\npm\\bin\\npm-cli.js',
1 verbose cli   'run',
1 verbose cli   'deploy' ]
2 info using npm@3.10.10
3 info using node@v6.11.1
4 verbose run-script [ 'predeploy', 'deploy', 'postdeploy' ]
5 info lifecycle gatsby-starter-forty@1.0.0~predeploy: gatsby-starter-forty@1.0.0
6 silly lifecycle gatsby-starter-forty@1.0.0~predeploy: no script for predeploy, continuing
7 info lifecycle gatsby-starter-forty@1.0.0~deploy: gatsby-starter-forty@1.0.0
8 verbose lifecycle gatsby-starter-forty@1.0.0~deploy: unsafe-perm in lifecycle true
9 verbose lifecycle gatsby-starter-forty@1.0.0~deploy: PATH: C:\Program Files\nodejs\node_modules\npm\bin\node-gyp-bin;C:\Users\abhay\Documents\GitHub\dhv\node_modules\.bin;C:\Users\abhay\AppData\Roaming\npm;C:\Program Files\nodejs\;C:\ProgramData\Oracle\Java\javapath;C:\WINDOWS\system32;C:\WINDOWS;C:\WINDOWS\System32\Wbem;C:\WINDOWS\System32\WindowsPowerShell\v1.0\;C:\Program Files (x86)\NVIDIA Corporation\PhysX\Common;C:\Program Files\MATLAB\R2015b\runtime\win64;C:\Program Files\MATLAB\R2015b\bin;C:\Program Files\MATLAB\R2015b\polyspace\bin;C:\Program Files\nodejs\;C:\Program Files\Git\cmd;C:\WINDOWS\system32;C:\WINDOWS;C:\WINDOWS\System32\Wbem;C:\WINDOWS\System32\WindowsPowerShell\v1.0\;C:\WINDOWS\System32\OpenSSH\;C:\Program Files\Intel\WiFi\bin\;C:\Program Files\Common Files\Intel\WirelessCommon\;C:\Program Files\Microsoft VS Code\bin;C:\Users\abhay\AppData\Local\Microsoft\WindowsApps;C:\Users\abhay\AppData\Roaming\npm;C:\Users\abhay\AppData\Local\GitHubDesktop\bin;%USERPROFILE%\AppData\Local\Microsoft\WindowsApps;
10 verbose lifecycle gatsby-starter-forty@1.0.0~deploy: CWD: C:\Users\abhay\Documents\GitHub\dhv
11 silly lifecycle gatsby-starter-forty@1.0.0~deploy: Args: [ '/d /s /c',
11 silly lifecycle   'gatsby build --prefix-paths && gh-pages -d public' ]
12 silly lifecycle gatsby-starter-forty@1.0.0~deploy: Returned: code: 1  signal: null
13 info lifecycle gatsby-starter-forty@1.0.0~deploy: Failed to exec deploy script
14 verbose stack Error: gatsby-starter-forty@1.0.0 deploy: `gatsby build --prefix-paths && gh-pages -d public`
14 verbose stack Exit status 1
14 verbose stack     at EventEmitter.<anonymous> (C:\Program Files\nodejs\node_modules\npm\lib\utils\lifecycle.js:255:16)
14 verbose stack     at emitTwo (events.js:106:13)
14 verbose stack     at EventEmitter.emit (events.js:191:7)
14 verbose stack     at ChildProcess.<anonymous> (C:\Program Files\nodejs\node_modules\npm\lib\utils\spawn.js:40:14)
14 verbose stack     at emitTwo (events.js:106:13)
14 verbose stack     at ChildProcess.emit (events.js:191:7)
14 verbose stack     at maybeClose (internal/child_process.js:891:16)
14 verbose stack     at Process.ChildProcess._handle.onexit (internal/child_process.js:226:5)
15 verbose pkgid gatsby-starter-forty@1.0.0
16 verbose cwd C:\Users\abhay\Documents\GitHub\dhv
17 error Windows_NT 10.0.17134
18 error argv "C:\\Program Files\\nodejs\\node.exe" "C:\\Program Files\\nodejs\\node_modules\\npm\\bin\\npm-cli.js" "run" "deploy"
19 error node v6.11.1
20 error npm  v3.10.10
21 error code ELIFECYCLE
22 error gatsby-starter-forty@1.0.0 deploy: `gatsby build --prefix-paths && gh-pages -d public`
22 error Exit status 1
23 error Failed at the gatsby-starter-forty@1.0.0 deploy script 'gatsby build --prefix-paths && gh-pages -d public'.
23 error Make sure you have the latest version of node.js and npm installed.
23 error If you do, this is most likely a problem with the gatsby-starter-forty package,
23 error not with npm itself.
23 error Tell the author that this fails on your system:
23 error     gatsby build --prefix-paths && gh-pages -d public
23 error You can get information on how to open an issue for this project with:
23 error     npm bugs gatsby-starter-forty
23 error Or if that isn't available, you can get their info via:
23 error     npm owner ls gatsby-starter-forty
23 error There is likely additional logging output above.
24 verbose exit [ 1, true ]
